[02:59:34] [Client thread/INFO]: Setting user: Player92
[02:59:37] [Client thread/WARN]: Skipping bad option: lastServer:
[02:59:37] [Client thread/INFO]: LWJGL Version: 2.9.4
[02:59:40] [Client thread/INFO]: Reloading ResourceManager: Default, FMLFileResourcePack:Forge Mod Loader, FMLFileResourcePack:Minecraft Forge, FMLFileResourcePack:Trash Can
[02:59:41] [Sound Library Loader/INFO]: Starting up SoundSystem...
[02:59:42] [Thread-8/INFO]: Initializing LWJGL OpenAL
[02:59:42] [Thread-8/INFO]: (The LWJGL binding of OpenAL.  For more information, see http://www.lwjgl.org)
[02:59:42] [Thread-8/INFO]: OpenAL initialized.
[02:59:42] [Sound Library Loader/INFO]: Sound engine started
[02:59:44] [Client thread/INFO]: Created: 16x16 textures-atlas
[02:59:45] [Client thread/INFO]: Reloading ResourceManager: Default, FMLFileResourcePack:Forge Mod Loader, FMLFileResourcePack:Minecraft Forge, FMLFileResourcePack:Trash Can
[02:59:46] [Client thread/INFO]: SoundSystem shutting down...
[02:59:46] [Client thread/WARN]: Author: Paul Lamb, www.paulscode.com
[02:59:46] [Sound Library Loader/INFO]: Starting up SoundSystem...
[02:59:46] [Thread-10/INFO]: Initializing LWJGL OpenAL
[02:59:46] [Thread-10/INFO]: (The LWJGL binding of OpenAL.  For more information, see http://www.lwjgl.org)
[02:59:46] [Thread-10/INFO]: OpenAL initialized.
[02:59:46] [Sound Library Loader/INFO]: Sound engine started
[02:59:48] [Client thread/INFO]: Created: 512x512 textures-atlas
[02:59:48] [Client thread/WARN]: Skipping bad option: lastServer:
[02:59:49] [Realms Notification Availability checker #1/INFO]: Could not authorize you against Realms server: Invalid session id
[02:59:52] [Server thread/INFO]: Starting integrated minecraft server version 1.10.2
[02:59:52] [Server thread/INFO]: Generating keypair
[02:59:52] [Server thread/INFO]: Preparing start region for level 0
[02:59:53] [Server thread/INFO]: Preparing spawn area: 69%
[02:59:54] [Server thread/INFO]: Changing view distance to 12, from 10
[02:59:55] [Server thread/INFO]: Player92[local:E:d9a9557e] logged in with entity id 309 at (-245.5, 66.0, 241.5)
[02:59:55] [Server thread/INFO]: Player92 joined the game
[02:59:55] [Server thread/INFO]: Saving and pausing game...
[02:59:55] [Server thread/INFO]: Saving chunks for level 'New World'/Overworld
[02:59:56] [Server thread/INFO]: Saving chunks for level 'New World'/Nether
[02:59:56] [Server thread/INFO]: Saving chunks for level 'New World'/The End
[02:59:56] [pool-2-thread-1/WARN]: Couldn't look up profile properties for com.mojang.authlib.GameProfile@66024aed[id=90225661-4f3a-3382-86fa-e49a5f85b425,name=Player92,properties={},legacy=false]
com.mojang.authlib.exceptions.AuthenticationException: The client has sent too many requests within a certain amount of time
	at com.mojang.authlib.yggdrasil.YggdrasilAuthenticationService.makeRequest(YggdrasilAuthenticationService.java:65) ~[YggdrasilAuthenticationService.class:?]
	at com.mojang.authlib.yggdrasil.YggdrasilMinecraftSessionService.fillGameProfile(YggdrasilMinecraftSessionService.java:175) [YggdrasilMinecraftSessionService.class:?]
	at com.mojang.authlib.yggdrasil.YggdrasilMinecraftSessionService$1.load(YggdrasilMinecraftSessionService.java:59) [YggdrasilMinecraftSessionService$1.class:?]
	at com.mojang.authlib.yggdrasil.YggdrasilMinecraftSessionService$1.load(YggdrasilMinecraftSessionService.java:56) [YggdrasilMinecraftSessionService$1.class:?]
	at com.google.common.cache.LocalCache$LoadingValueReference.loadFuture(LocalCache.java:3524) [guava-17.0.jar:?]
	at com.google.common.cache.LocalCache$Segment.loadSync(LocalCache.java:2317) [guava-17.0.jar:?]
	at com.google.common.cache.LocalCache$Segment.lockedGetOrLoad(LocalCache.java:2280) [guava-17.0.jar:?]
	at com.google.common.cache.LocalCache$Segment.get(LocalCache.java:2195) [guava-17.0.jar:?]
	at com.google.common.cache.LocalCache.get(LocalCache.java:3934) [guava-17.0.jar:?]
	at com.google.common.cache.LocalCache.getOrLoad(LocalCache.java:3938) [guava-17.0.jar:?]
	at com.google.common.cache.LocalCache$LocalLoadingCache.get(LocalCache.java:4821) [guava-17.0.jar:?]
	at com.google.common.cache.LocalCache$LocalLoadingCache.getUnchecked(LocalCache.java:4827) [guava-17.0.jar:?]
	at com.mojang.authlib.yggdrasil.YggdrasilMinecraftSessionService.fillProfileProperties(YggdrasilMinecraftSessionService.java:165) [YggdrasilMinecraftSessionService.class:?]
	at net.minecraft.client.Minecraft.getProfileProperties(Minecraft.java:3060) [Minecraft.class:?]
	at net.minecraft.client.resources.SkinManager$3.run(SkinManager.java:131) [SkinManager$3.class:?]
	at java.util.concurrent.Executors$RunnableAdapter.call(Executors.java:511) [?:1.8.0_102]
	at java.util.concurrent.FutureTask.run(FutureTask.java:266) [?:1.8.0_102]
	at java.util.concurrent.ThreadPoolExecutor.runWorker(ThreadPoolExecutor.java:1142) [?:1.8.0_102]
	at java.util.concurrent.ThreadPoolExecutor$Worker.run(ThreadPoolExecutor.java:617) [?:1.8.0_102]
	at java.lang.Thread.run(Thread.java:745) [?:1.8.0_102]
[02:59:57] [Server thread/INFO]: Player92 has just earned the achievement [Taking Inventory]
[02:59:57] [Client thread/INFO]: [CHAT] Player92 has just earned the achievement [Taking Inventory]
[03:00:11] [Server thread/INFO]: Stopping server
[03:00:11] [Server thread/INFO]: Saving players
[03:00:11] [Server thread/INFO]: Saving worlds
[03:00:11] [Server thread/INFO]: Saving chunks for level 'New World'/Overworld
[03:00:11] [Server thread/INFO]: Saving chunks for level 'New World'/Nether
[03:00:11] [Server thread/INFO]: Saving chunks for level 'New World'/The End
[03:00:12] [Client thread/FATAL]: Unreported exception thrown!
java.lang.NullPointerException
	at net.minecraftforge.fml.common.network.NetworkRegistry.getLocalGuiContainer(NetworkRegistry.java:273) ~[NetworkRegistry.class:?]
	at net.minecraftforge.fml.common.network.internal.FMLNetworkHandler.openGui(FMLNetworkHandler.java:110) ~[FMLNetworkHandler.class:?]
	at net.minecraft.entity.player.EntityPlayer.openGui(EntityPlayer.java:2723) ~[EntityPlayer.class:?]
	at kiba.trashcan.GuiHandler.launchGui(GuiHandler.java:32) ~[GuiHandler.class:?]
	at kiba.trashcan.blocks.BlockTrashCan.onBlockActivated(BlockTrashCan.java:63) ~[BlockTrashCan.class:?]
	at net.minecraft.client.multiplayer.PlayerControllerMP.processRightClickBlock(PlayerControllerMP.java:442) ~[PlayerControllerMP.class:?]
	at net.minecraft.client.Minecraft.rightClickMouse(Minecraft.java:1603) ~[Minecraft.class:?]
	at net.minecraft.client.Minecraft.processKeyBinds(Minecraft.java:2281) ~[Minecraft.class:?]
	at net.minecraft.client.Minecraft.runTickKeyboard(Minecraft.java:2058) ~[Minecraft.class:?]
	at net.minecraft.client.Minecraft.runTick(Minecraft.java:1846) ~[Minecraft.class:?]
	at net.minecraft.client.Minecraft.runGameLoop(Minecraft.java:1118) ~[Minecraft.class:?]
	at net.minecraft.client.Minecraft.run(Minecraft.java:406) [Minecraft.class:?]
	at net.minecraft.client.main.Main.main(Main.java:118) [Main.class:?]
	at sun.reflect.NativeMethodAccessorImpl.invoke0(Native Method) ~[?:1.8.0_102]
	at sun.reflect.NativeMethodAccessorImpl.invoke(NativeMethodAccessorImpl.java:62) ~[?:1.8.0_102]
	at sun.reflect.DelegatingMethodAccessorImpl.invoke(DelegatingMethodAccessorImpl.java:43) ~[?:1.8.0_102]
	at java.lang.reflect.Method.invoke(Method.java:498) ~[?:1.8.0_102]
	at net.minecraft.launchwrapper.Launch.launch(Launch.java:135) [launchwrapper-1.12.jar:?]
	at net.minecraft.launchwrapper.Launch.main(Launch.java:28) [launchwrapper-1.12.jar:?]
	at sun.reflect.NativeMethodAccessorImpl.invoke0(Native Method) ~[?:1.8.0_102]
	at sun.reflect.NativeMethodAccessorImpl.invoke(NativeMethodAccessorImpl.java:62) ~[?:1.8.0_102]
	at sun.reflect.DelegatingMethodAccessorImpl.invoke(DelegatingMethodAccessorImpl.java:43) ~[?:1.8.0_102]
	at java.lang.reflect.Method.invoke(Method.java:498) ~[?:1.8.0_102]
	at net.minecraftforge.gradle.GradleStartCommon.launch(GradleStartCommon.java:97) [start/:?]
	at GradleStart.main(GradleStart.java:26) [start/:?]
